<?xml version="1.0" encoding="UTF-8"?>
<testng-results ignored="0" total="2" passed="2" failed="0" skipped="0">
  <reporter-output>
  </reporter-output>
  <suite started-at="2020-06-10T16:11:51 PDT" name="Suite" finished-at="2020-06-10T16:11:59 PDT" duration-ms="8270">
    <groups>
    </groups>
    <test started-at="2020-06-10T16:11:51 PDT" name="Test" finished-at="2020-06-10T16:11:59 PDT" duration-ms="8270">
      <class name="greenKart.ValidateGreenkartPage">
        <test-method is-config="true" signature="initialize()[pri:0, instance:greenKart.ValidateGreenkartPage@54a67a45]" started-at="2020-06-10T16:11:51 PDT" name="initialize" finished-at="2020-06-10T16:11:59 PDT" duration-ms="7976" status="PASS">
          <reporter-output>
          </reporter-output>
        </test-method> <!-- initialize -->
        <test-method signature="validateOffer()[pri:0, instance:greenKart.ValidateGreenkartPage@54a67a45]" started-at="2020-06-10T16:11:59 PDT" name="validateOffer" finished-at="2020-06-10T16:11:59 PDT" duration-ms="179" status="PASS">
          <reporter-output>
          </reporter-output>
        </test-method> <!-- validateOffer -->
        <test-method signature="validateTitle()[pri:0, instance:greenKart.ValidateGreenkartPage@54a67a45]" started-at="2020-06-10T16:11:59 PDT" name="validateTitle" finished-at="2020-06-10T16:11:59 PDT" duration-ms="67" status="PASS">
          <reporter-output>
          </reporter-output>
        </test-method> <!-- validateTitle -->
        <test-method is-config="true" signature="tearDown()[pri:0, instance:greenKart.ValidateGreenkartPage@54a67a45]" started-at="2020-06-10T16:11:59 PDT" name="tearDown" finished-at="2020-06-10T16:11:59 PDT" duration-ms="16" status="PASS">
          <reporter-output>
          </reporter-output>
        </test-method> <!-- tearDown -->
      </class> <!-- greenKart.ValidateGreenkartPage -->
    </test> <!-- Test -->
  </suite> <!-- Suite -->
</testng-results>
